<?xml version="1.0" encoding="UTF-8"?>
<!-- Generated by org.testng.reporters.JUnitReportReporter -->
<testsuite hostname="harish-Anu-VAIO" failures="0" tests="1" name="test.ValidateWWFunctionalityTest" time="34.891" errors="0" timestamp="18 Sep 2019 07:37:39 GMT">
  <testcase classname="test.ValidateWWFunctionalityTest" name="WWTest" time="34.891"/>
</testsuite> <!-- test.ValidateWWFunctionalityTest -->
