<?xml version="1.0" encoding="UTF-8"?>
<!-- Generated by org.testng.reporters.JUnitReportReporter -->
<testsuite hostname="harish-Anu-VAIO" failures="0" tests="1" name="test.ValidateWWFunctionalityTest" time="65.935" errors="0" timestamp="19 Sep 2019 06:23:05 GMT">
  <testcase classname="test.ValidateWWFunctionalityTest" name="WWTest" time="65.935"/>
</testsuite> <!-- test.ValidateWWFunctionalityTest -->
